<?xml version="1.0" encoding="UTF-8"?>
<testng-results ignored="0" total="3" passed="3" failed="0" skipped="0">
  <reporter-output>
  </reporter-output>
  <suite started-at="2022-09-04T13:43:40Z" name="Suite" finished-at="2022-09-04T13:44:00Z" duration-ms="19658">
    <groups>
      <group name="cucumber">
        <method signature="AbstractTestNGCucumberTests.runScenario(io.cucumber.testng.PickleWrapper, io.cucumber.testng.FeatureWrapper)[pri:0, instance:testRunner.Testrunner@6a396c1e]" name="runScenario" class="io.cucumber.testng.AbstractTestNGCucumberTests"/>
      </group> <!-- cucumber -->
    </groups>
    <test started-at="2022-09-04T13:43:40Z" name="Test" finished-at="2022-09-04T13:44:00Z" duration-ms="19658">
      <class name="testRunner.Testrunner">
        <test-method is-config="true" signature="setUpClass(org.testng.ITestContext)[pri:0, instance:testRunner.Testrunner@6a396c1e]" started-at="2022-09-04T13:43:40Z" name="setUpClass" finished-at="2022-09-04T13:43:40Z" duration-ms="219" status="PASS">
          <params>
            <param index="0">
              <value>
                <![CDATA[org.testng.TestRunner@65ec8b24]]>
              </value>
            </param>
          </params>
          <reporter-output>
          </reporter-output>
        </test-method> <!-- setUpClass -->
        <test-method signature="runScenario(io.cucumber.testng.PickleWrapper, io.cucumber.testng.FeatureWrapper)[pri:0, instance:testRunner.Testrunner@6a396c1e]" started-at="2022-09-04T13:43:40Z" name="runScenario" description="Runs Cucumber Scenarios" data-provider="scenarios" finished-at="2022-09-04T13:43:53Z" duration-ms="12583" status="PASS">
          <params>
            <param index="0">
              <value>
                <![CDATA["Add item to the cart"]]>
              </value>
            </param>
            <param index="1">
              <value>
                <![CDATA["Optional[Cart Functionality]"]]>
              </value>
            </param>
          </params>
          <reporter-output>
          </reporter-output>
        </test-method> <!-- runScenario -->
        <test-method signature="runScenario(io.cucumber.testng.PickleWrapper, io.cucumber.testng.FeatureWrapper)[pri:0, instance:testRunner.Testrunner@6a396c1e]" started-at="2022-09-04T13:43:53Z" name="runScenario" description="Runs Cucumber Scenarios" data-provider="scenarios" finished-at="2022-09-04T13:43:57Z" duration-ms="4551" status="PASS">
          <params>
            <param index="0">
              <value>
                <![CDATA["Change the item in the cart"]]>
              </value>
            </param>
            <param index="1">
              <value>
                <![CDATA["Optional[Cart Functionality]"]]>
              </value>
            </param>
          </params>
          <reporter-output>
          </reporter-output>
        </test-method> <!-- runScenario -->
        <test-method signature="runScenario(io.cucumber.testng.PickleWrapper, io.cucumber.testng.FeatureWrapper)[pri:0, instance:testRunner.Testrunner@6a396c1e]" started-at="2022-09-04T13:43:57Z" name="runScenario" description="Runs Cucumber Scenarios" data-provider="scenarios" finished-at="2022-09-04T13:44:00Z" duration-ms="2253" status="PASS">
          <params>
            <param index="0">
              <value>
                <![CDATA["Delete the item in the cart"]]>
              </value>
            </param>
            <param index="1">
              <value>
                <![CDATA["Optional[Cart Functionality]"]]>
              </value>
            </param>
          </params>
          <reporter-output>
          </reporter-output>
        </test-method> <!-- runScenario -->
        <test-method is-config="true" signature="tearDownClass()[pri:0, instance:testRunner.Testrunner@6a396c1e]" started-at="2022-09-04T13:44:00Z" name="tearDownClass" finished-at="2022-09-04T13:44:00Z" duration-ms="46" status="PASS">
          <reporter-output>
          </reporter-output>
        </test-method> <!-- tearDownClass -->
      </class> <!-- testRunner.Testrunner -->
    </test> <!-- Test -->
  </suite> <!-- Suite -->
</testng-results>
